[Wed Aug 19 2015 16:38:41 GMT+0800 (中国标准时间)] /tag/1
Error: Failed to lookup view "addTag" in views directory "F:\github\iconfonts\views"
    at EventEmitter.render (F:\github\iconfonts\node_modules\express\lib\application.js:579:17)
    at ServerResponse.render (F:\github\iconfonts\node_modules\express\lib\response.js:961:7)
    at app.use.meta (F:\github\iconfonts\index.js:102:6)
    at Layer.handle [as handle_request] (F:\github\iconfonts\node_modules\express\lib\router\layer.js:95:5)
    at next (F:\github\iconfonts\node_modules\express\lib\router\route.js:131:13)
    at Route.dispatch (F:\github\iconfonts\node_modules\express\lib\router\route.js:112:3)
    at Layer.handle [as handle_request] (F:\github\iconfonts\node_modules\express\lib\router\layer.js:95:5)
    at F:\github\iconfonts\node_modules\express\lib\router\index.js:277:22
    at param (F:\github\iconfonts\node_modules\express\lib\router\index.js:349:14)
    at param (F:\github\iconfonts\node_modules\express\lib\router\index.js:365:14)
    at Function.process_params (F:\github\iconfonts\node_modules\express\lib\router\index.js:410:3)
    at next (F:\github\iconfonts\node_modules\express\lib\router\index.js:271:10)
    at F:\github\iconfonts\node_modules\multer\index.js:218:19
    at Layer.handle [as handle_request] (F:\github\iconfonts\node_modules\express\lib\router\layer.js:95:5)
    at trim_prefix (F:\github\iconfonts\node_modules\express\lib\router\index.js:312:13)
    at F:\github\iconfonts\node_modules\express\lib\router\index.js:280:7
[Wed Aug 19 2015 16:38:48 GMT+0800 (中国标准时间)] /tag/1
Error: Failed to lookup view "addTag" in views directory "F:\github\iconfonts\views"
    at EventEmitter.render (F:\github\iconfonts\node_modules\express\lib\application.js:579:17)
    at ServerResponse.render (F:\github\iconfonts\node_modules\express\lib\response.js:961:7)
    at app.use.meta (F:\github\iconfonts\index.js:102:6)
    at Layer.handle [as handle_request] (F:\github\iconfonts\node_modules\express\lib\router\layer.js:95:5)
    at next (F:\github\iconfonts\node_modules\express\lib\router\route.js:131:13)
    at Route.dispatch (F:\github\iconfonts\node_modules\express\lib\router\route.js:112:3)
    at Layer.handle [as handle_request] (F:\github\iconfonts\node_modules\express\lib\router\layer.js:95:5)
    at F:\github\iconfonts\node_modules\express\lib\router\index.js:277:22
    at param (F:\github\iconfonts\node_modules\express\lib\router\index.js:349:14)
    at param (F:\github\iconfonts\node_modules\express\lib\router\index.js:365:14)
    at Function.process_params (F:\github\iconfonts\node_modules\express\lib\router\index.js:410:3)
    at next (F:\github\iconfonts\node_modules\express\lib\router\index.js:271:10)
    at F:\github\iconfonts\node_modules\multer\index.js:218:19
    at Layer.handle [as handle_request] (F:\github\iconfonts\node_modules\express\lib\router\layer.js:95:5)
    at trim_prefix (F:\github\iconfonts\node_modules\express\lib\router\index.js:312:13)
    at F:\github\iconfonts\node_modules\express\lib\router\index.js:280:7
[Wed Aug 19 2015 16:38:49 GMT+0800 (中国标准时间)] /tag/1
Error: Failed to lookup view "addTag" in views directory "F:\github\iconfonts\views"
    at EventEmitter.render (F:\github\iconfonts\node_modules\express\lib\application.js:579:17)
    at ServerResponse.render (F:\github\iconfonts\node_modules\express\lib\response.js:961:7)
    at app.use.meta (F:\github\iconfonts\index.js:102:6)
    at Layer.handle [as handle_request] (F:\github\iconfonts\node_modules\express\lib\router\layer.js:95:5)
    at next (F:\github\iconfonts\node_modules\express\lib\router\route.js:131:13)
    at Route.dispatch (F:\github\iconfonts\node_modules\express\lib\router\route.js:112:3)
    at Layer.handle [as handle_request] (F:\github\iconfonts\node_modules\express\lib\router\layer.js:95:5)
    at F:\github\iconfonts\node_modules\express\lib\router\index.js:277:22
    at param (F:\github\iconfonts\node_modules\express\lib\router\index.js:349:14)
    at param (F:\github\iconfonts\node_modules\express\lib\router\index.js:365:14)
    at Function.process_params (F:\github\iconfonts\node_modules\express\lib\router\index.js:410:3)
    at next (F:\github\iconfonts\node_modules\express\lib\router\index.js:271:10)
    at F:\github\iconfonts\node_modules\multer\index.js:218:19
    at Layer.handle [as handle_request] (F:\github\iconfonts\node_modules\express\lib\router\layer.js:95:5)
    at trim_prefix (F:\github\iconfonts\node_modules\express\lib\router\index.js:312:13)
    at F:\github\iconfonts\node_modules\express\lib\router\index.js:280:7
[Wed Aug 19 2015 16:38:55 GMT+0800 (中国标准时间)] /tag/1
Error: Failed to lookup view "addTag" in views directory "F:\github\iconfonts\views"
    at EventEmitter.render (F:\github\iconfonts\node_modules\express\lib\application.js:579:17)
    at ServerResponse.render (F:\github\iconfonts\node_modules\express\lib\response.js:961:7)
    at app.use.meta (F:\github\iconfonts\index.js:102:6)
    at Layer.handle [as handle_request] (F:\github\iconfonts\node_modules\express\lib\router\layer.js:95:5)
    at next (F:\github\iconfonts\node_modules\express\lib\router\route.js:131:13)
    at Route.dispatch (F:\github\iconfonts\node_modules\express\lib\router\route.js:112:3)
    at Layer.handle [as handle_request] (F:\github\iconfonts\node_modules\express\lib\router\layer.js:95:5)
    at F:\github\iconfonts\node_modules\express\lib\router\index.js:277:22
    at param (F:\github\iconfonts\node_modules\express\lib\router\index.js:349:14)
    at param (F:\github\iconfonts\node_modules\express\lib\router\index.js:365:14)
    at Function.process_params (F:\github\iconfonts\node_modules\express\lib\router\index.js:410:3)
    at next (F:\github\iconfonts\node_modules\express\lib\router\index.js:271:10)
    at F:\github\iconfonts\node_modules\multer\index.js:218:19
    at Layer.handle [as handle_request] (F:\github\iconfonts\node_modules\express\lib\router\layer.js:95:5)
    at trim_prefix (F:\github\iconfonts\node_modules\express\lib\router\index.js:312:13)
    at F:\github\iconfonts\node_modules\express\lib\router\index.js:280:7
